c:\users\антон\documents\usb\alcodoze\debug\devexpress.data.v18.2.dll
c:\users\антон\documents\usb\alcodoze\debug\devexpress.utils.v18.2.dll
c:\users\антон\documents\usb\alcodoze\debug\devexpress.xtrabars.v18.2.dll
c:\users\антон\documents\usb\alcodoze\debug\devexpress.xtraeditors.v18.2.dll
c:\users\антон\documents\usb\alcodoze\debug\metroframework.design.dll
c:\users\антон\documents\usb\alcodoze\debug\metroframework.dll
c:\users\антон\documents\usb\alcodoze\debug\metroframework.fonts.dll
c:\users\антон\documents\usb\alcodoze\debug\devexpress.printing.v18.2.core.dll
c:\users\антон\documents\usb\alcodoze\debug\devexpress.sparkline.v18.2.core.dll
c:\users\антон\documents\usb\alcodoze\debug\devexpress.pdf.v18.2.core.dll
c:\users\антон\documents\usb\alcodoze\debug\devexpress.data.v18.2.xml
c:\users\антон\documents\usb\alcodoze\debug\devexpress.utils.v18.2.xml
c:\users\антон\documents\usb\alcodoze\debug\devexpress.xtrabars.v18.2.xml
c:\users\антон\documents\usb\alcodoze\debug\devexpress.xtraeditors.v18.2.xml
c:\users\антон\documents\usb\alcodoze\debug\devexpress.printing.v18.2.core.xml
c:\users\антон\documents\usb\alcodoze\debug\devexpress.sparkline.v18.2.core.xml
c:\users\антон\documents\usb\alcodoze\debug\devexpress.pdf.v18.2.core.xml
c:\users\антон\documents\usb\alcodoze\debug\de\devexpress.data.v18.2.resources.dll
c:\users\антон\documents\usb\alcodoze\debug\es\devexpress.data.v18.2.resources.dll
c:\users\антон\documents\usb\alcodoze\debug\ja\devexpress.data.v18.2.resources.dll
c:\users\антон\documents\usb\alcodoze\debug\ru\devexpress.data.v18.2.resources.dll
c:\users\антон\documents\usb\alcodoze\debug\de\devexpress.utils.v18.2.resources.dll
c:\users\антон\documents\usb\alcodoze\debug\es\devexpress.utils.v18.2.resources.dll
c:\users\антон\documents\usb\alcodoze\debug\ja\devexpress.utils.v18.2.resources.dll
c:\users\антон\documents\usb\alcodoze\debug\ru\devexpress.utils.v18.2.resources.dll
c:\users\антон\documents\usb\alcodoze\debug\de\devexpress.xtrabars.v18.2.resources.dll
c:\users\антон\documents\usb\alcodoze\debug\es\devexpress.xtrabars.v18.2.resources.dll
c:\users\антон\documents\usb\alcodoze\debug\ja\devexpress.xtrabars.v18.2.resources.dll
c:\users\антон\documents\usb\alcodoze\debug\ru\devexpress.xtrabars.v18.2.resources.dll
c:\users\антон\documents\usb\alcodoze\debug\de\devexpress.xtraeditors.v18.2.resources.dll
c:\users\антон\documents\usb\alcodoze\debug\es\devexpress.xtraeditors.v18.2.resources.dll
c:\users\антон\documents\usb\alcodoze\debug\ja\devexpress.xtraeditors.v18.2.resources.dll
c:\users\антон\documents\usb\alcodoze\debug\ru\devexpress.xtraeditors.v18.2.resources.dll
c:\users\антон\documents\usb\alcodoze\debug\de\devexpress.printing.v18.2.core.resources.dll
c:\users\антон\documents\usb\alcodoze\debug\es\devexpress.printing.v18.2.core.resources.dll
c:\users\антон\documents\usb\alcodoze\debug\ja\devexpress.printing.v18.2.core.resources.dll
c:\users\антон\documents\usb\alcodoze\debug\ru\devexpress.printing.v18.2.core.resources.dll
c:\users\антон\documents\usb\alcodoze\debug\de\devexpress.sparkline.v18.2.core.resources.dll
c:\users\антон\documents\usb\alcodoze\debug\es\devexpress.sparkline.v18.2.core.resources.dll
c:\users\антон\documents\usb\alcodoze\debug\ja\devexpress.sparkline.v18.2.core.resources.dll
c:\users\антон\documents\usb\alcodoze\debug\ru\devexpress.sparkline.v18.2.core.resources.dll
c:\users\антон\documents\usb\alcodoze\debug\de\devexpress.pdf.v18.2.core.resources.dll
c:\users\антон\documents\usb\alcodoze\debug\es\devexpress.pdf.v18.2.core.resources.dll
c:\users\антон\documents\usb\alcodoze\debug\ja\devexpress.pdf.v18.2.core.resources.dll
c:\users\антон\documents\usb\alcodoze\debug\ru\devexpress.pdf.v18.2.core.resources.dll
c:\users\антон\documents\usb\alcodoze\alcodoze\debug\vc142.pdb
c:\users\антон\documents\usb\alcodoze\alcodoze\debug\alcodoze.tlog\alcodoze.write.1u.tlog
c:\users\антон\documents\usb\alcodoze\alcodoze\debug\alcodoze.tlog\cl.command.1.tlog
c:\users\антон\documents\usb\alcodoze\alcodoze\debug\alcodoze.tlog\metagen.write.1.tlog
