c:\users\антон\documents\usb\alcodoze\x64\release\devexpress.data.v18.2.dll
c:\users\антон\documents\usb\alcodoze\x64\release\devexpress.utils.v18.2.dll
c:\users\антон\documents\usb\alcodoze\x64\release\devexpress.xtrabars.v18.2.dll
c:\users\антон\documents\usb\alcodoze\x64\release\devexpress.xtraeditors.v18.2.dll
c:\users\антон\documents\usb\alcodoze\x64\release\metroframework.design.dll
c:\users\антон\documents\usb\alcodoze\x64\release\metroframework.dll
c:\users\антон\documents\usb\alcodoze\x64\release\metroframework.fonts.dll
c:\users\антон\documents\usb\alcodoze\x64\release\devexpress.printing.v18.2.core.dll
c:\users\антон\documents\usb\alcodoze\x64\release\devexpress.sparkline.v18.2.core.dll
c:\users\антон\documents\usb\alcodoze\x64\release\devexpress.pdf.v18.2.core.dll
c:\users\антон\documents\usb\alcodoze\x64\release\devexpress.data.v18.2.xml
c:\users\антон\documents\usb\alcodoze\x64\release\devexpress.utils.v18.2.xml
c:\users\антон\documents\usb\alcodoze\x64\release\devexpress.xtrabars.v18.2.xml
c:\users\антон\documents\usb\alcodoze\x64\release\devexpress.xtraeditors.v18.2.xml
c:\users\антон\documents\usb\alcodoze\x64\release\devexpress.printing.v18.2.core.xml
c:\users\антон\documents\usb\alcodoze\x64\release\devexpress.sparkline.v18.2.core.xml
c:\users\антон\documents\usb\alcodoze\x64\release\devexpress.pdf.v18.2.core.xml
c:\users\антон\documents\usb\alcodoze\x64\release\de\devexpress.data.v18.2.resources.dll
c:\users\антон\documents\usb\alcodoze\x64\release\es\devexpress.data.v18.2.resources.dll
c:\users\антон\documents\usb\alcodoze\x64\release\ja\devexpress.data.v18.2.resources.dll
c:\users\антон\documents\usb\alcodoze\x64\release\ru\devexpress.data.v18.2.resources.dll
c:\users\антон\documents\usb\alcodoze\x64\release\de\devexpress.utils.v18.2.resources.dll
c:\users\антон\documents\usb\alcodoze\x64\release\es\devexpress.utils.v18.2.resources.dll
c:\users\антон\documents\usb\alcodoze\x64\release\ja\devexpress.utils.v18.2.resources.dll
c:\users\антон\documents\usb\alcodoze\x64\release\ru\devexpress.utils.v18.2.resources.dll
c:\users\антон\documents\usb\alcodoze\x64\release\de\devexpress.xtrabars.v18.2.resources.dll
c:\users\антон\documents\usb\alcodoze\x64\release\es\devexpress.xtrabars.v18.2.resources.dll
c:\users\антон\documents\usb\alcodoze\x64\release\ja\devexpress.xtrabars.v18.2.resources.dll
c:\users\антон\documents\usb\alcodoze\x64\release\ru\devexpress.xtrabars.v18.2.resources.dll
c:\users\антон\documents\usb\alcodoze\x64\release\de\devexpress.xtraeditors.v18.2.resources.dll
c:\users\антон\documents\usb\alcodoze\x64\release\es\devexpress.xtraeditors.v18.2.resources.dll
c:\users\антон\documents\usb\alcodoze\x64\release\ja\devexpress.xtraeditors.v18.2.resources.dll
c:\users\антон\documents\usb\alcodoze\x64\release\ru\devexpress.xtraeditors.v18.2.resources.dll
c:\users\антон\documents\usb\alcodoze\x64\release\de\devexpress.printing.v18.2.core.resources.dll
c:\users\антон\documents\usb\alcodoze\x64\release\es\devexpress.printing.v18.2.core.resources.dll
c:\users\антон\documents\usb\alcodoze\x64\release\ja\devexpress.printing.v18.2.core.resources.dll
c:\users\антон\documents\usb\alcodoze\x64\release\ru\devexpress.printing.v18.2.core.resources.dll
c:\users\антон\documents\usb\alcodoze\x64\release\de\devexpress.sparkline.v18.2.core.resources.dll
c:\users\антон\documents\usb\alcodoze\x64\release\es\devexpress.sparkline.v18.2.core.resources.dll
c:\users\антон\documents\usb\alcodoze\x64\release\ja\devexpress.sparkline.v18.2.core.resources.dll
c:\users\антон\documents\usb\alcodoze\x64\release\ru\devexpress.sparkline.v18.2.core.resources.dll
c:\users\антон\documents\usb\alcodoze\x64\release\de\devexpress.pdf.v18.2.core.resources.dll
c:\users\антон\documents\usb\alcodoze\x64\release\es\devexpress.pdf.v18.2.core.resources.dll
c:\users\антон\documents\usb\alcodoze\x64\release\ja\devexpress.pdf.v18.2.core.resources.dll
c:\users\антон\documents\usb\alcodoze\x64\release\ru\devexpress.pdf.v18.2.core.resources.dll
c:\users\антон\documents\usb\alcodoze\alcodoze\x64\release\alcodoze.myform.resources
c:\users\антон\documents\usb\alcodoze\alcodoze\x64\release\alcodoze.operations.resources
c:\users\антон\documents\usb\alcodoze\alcodoze\x64\release\vc142.pdb
c:\users\антон\documents\usb\alcodoze\alcodoze\x64\release\operations.obj
c:\users\антон\documents\usb\alcodoze\alcodoze\x64\release\myform.obj
c:\users\антон\documents\usb\alcodoze\alcodoze\x64\release\.netframework,version=v4.7.1.assemblyattributes.obj
c:\users\антон\documents\usb\alcodoze\alcodoze\x64\release\.netframework,version=v4.7.1.assemblyattributes.asm
c:\users\антон\documents\usb\alcodoze\x64\release\alcodoze.exe
c:\users\антон\documents\usb\alcodoze\x64\release\alcodoze.pdb
c:\users\антон\documents\usb\alcodoze\alcodoze\x64\release\alcodoze.tlog\metagen.write.1.tlog
c:\users\антон\documents\usb\alcodoze\alcodoze\x64\release\alcodoze.vcxproj.generateresource.cache
c:\users\антон\documents\usb\alcodoze\alcodoze\x64\release\alcodoze.vcxprojassemblyreference.cache
c:\users\антон\documents\usb\alcodoze\alcodoze\x64\release\alcodoze.tlog\alcodoze.write.1u.tlog
c:\users\антон\documents\usb\alcodoze\alcodoze\x64\release\alcodoze.tlog\cl.command.1.tlog
c:\users\антон\documents\usb\alcodoze\alcodoze\x64\release\alcodoze.tlog\cl.read.1.tlog
c:\users\антон\documents\usb\alcodoze\alcodoze\x64\release\alcodoze.tlog\cl.write.1.tlog
c:\users\антон\documents\usb\alcodoze\alcodoze\x64\release\alcodoze.tlog\link.command.1.tlog
c:\users\антон\documents\usb\alcodoze\alcodoze\x64\release\alcodoze.tlog\link.read.1.tlog
c:\users\антон\documents\usb\alcodoze\alcodoze\x64\release\alcodoze.tlog\link.write.1.tlog
c:\users\антон\documents\usb\alcodoze\alcodoze\x64\release\alcodoze.tlog\metagen.read.1.tlog
c:\users\антон\documents\usb\alcodoze\alcodoze\x64\release\alcodoze.tlog\devexpress.data.v18.2.dll.metagen
c:\users\антон\documents\usb\alcodoze\alcodoze\x64\release\alcodoze.tlog\devexpress.utils.v18.2.dll.metagen
c:\users\антон\documents\usb\alcodoze\alcodoze\x64\release\alcodoze.tlog\devexpress.xtrabars.v18.2.dll.metagen
c:\users\антон\documents\usb\alcodoze\alcodoze\x64\release\alcodoze.tlog\devexpress.xtraeditors.v18.2.dll.metagen
c:\users\антон\documents\usb\alcodoze\alcodoze\x64\release\alcodoze.tlog\metroframework.design.dll.metagen
c:\users\антон\documents\usb\alcodoze\alcodoze\x64\release\alcodoze.tlog\metroframework.dll.metagen
c:\users\антон\documents\usb\alcodoze\alcodoze\x64\release\alcodoze.tlog\metroframework.fonts.dll.metagen
